<ObservedWatch: path=/home/redpanda/Downloads/, is_recursive=False>
started
Got it modified
<FileModifiedEvent: src_path='/home/redpanda/Downloads/Vikings 2013 Season 3 Episode 5 720p HD x264.mp4.part'>
Got it modified
<FileModifiedEvent: src_path='/home/redpanda/Downloads/Vikings 2013 Season 3 Episode 5 720p HD x264.mp4.part'>
Got it modified
<FileModifiedEvent: src_path='/home/redpanda/Downloads/Vikings 2013 Season 3 Episode 5 720p HD x264.mp4.part'>
Got it modified
<FileModifiedEvent: src_path='/home/redpanda/Downloads/Vikings 2013 Season 3 Episode 5 720p HD x264.mp4.part'>
Got it modified
<FileModifiedEvent: src_path='/home/redpanda/Downloads/Vikings 2013 Season 3 Episode 5 720p HD x264.mp4.part'>
Got it modified
<FileModifiedEvent: src_path='/home/redpanda/Downloads/Vikings 2013 Season 3 Episode 5 720p HD x264.mp4.part'>
Got it modified
<FileModifiedEvent: src_path='/home/redpanda/Downloads/Vikings 2013 Season 3 Episode 5 720p HD x264.mp4.part'>
Got it modified
<FileModifiedEvent: src_path='/home/redpanda/Downloads/Vikings 2013 Season 3 Episode 5 720p HD x264.mp4.part'>
Got it modified
<FileModifiedEvent: src_path='/home/redpanda/Downloads/Vikings 2013 Season 3 Episode 5 720p HD x264.mp4.part'>
Got it modified
<FileModifiedEvent: src_path='/home/redpanda/Downloads/Vikings 2013 Season 3 Episode 5 720p HD x264.mp4.part'>
Got it modified
<FileModifiedEvent: src_path='/home/redpanda/Downloads/Vikings 2013 Season 3 Episode 5 720p HD x264.mp4.part'>
Got it modified
<FileModifiedEvent: src_path='/home/redpanda/Downloads/Vikings 2013 Season 3 Episode 5 720p HD x264.mp4.part'>
Got it modified
<FileModifiedEvent: src_path='/home/redpanda/Downloads/Vikings 2013 Season 3 Episode 5 720p HD x264.mp4.part'>
Got it modified
<FileModifiedEvent: src_path='/home/redpanda/Downloads/Vikings 2013 Season 3 Episode 5 720p HD x264.mp4.part'>
Got it modified
<FileModifiedEvent: src_path='/home/redpanda/Downloads/Vikings 2013 Season 3 Episode 5 720p HD x264.mp4.part'>
Got it modified
<FileModifiedEvent: src_path='/home/redpanda/Downloads/Vikings 2013 Season 3 Episode 5 720p HD x264.mp4.part'>
Got it modified
<FileModifiedEvent: src_path='/home/redpanda/Downloads/Vikings 2013 Season 3 Episode 5 720p HD x264.mp4.part'>
Got it modified
<FileModifiedEvent: src_path='/home/redpanda/Downloads/Vikings 2013 Season 3 Episode 5 720p HD x264.mp4.part'>
Got it modified
<FileModifiedEvent: src_path='/home/redpanda/Downloads/Vikings 2013 Season 3 Episode 5 720p HD x264.mp4.part'>
Got it modified
<FileModifiedEvent: src_path='/home/redpanda/Downloads/Vikings 2013 Season 3 Episode 5 720p HD x264.mp4.part'>
Got it modified
<FileModifiedEvent: src_path='/home/redpanda/Downloads/Vikings 2013 Season 3 Episode 5 720p HD x264.mp4.part'>
Got it modified
<FileModifiedEvent: src_path='/home/redpanda/Downloads/Vikings 2013 Season 3 Episode 5 720p HD x264.mp4.part'>
Got it modified
<FileModifiedEvent: src_path='/home/redpanda/Downloads/Vikings 2013 Season 3 Episode 5 720p HD x264.mp4.part'>
Got it modified
<FileModifiedEvent: src_path='/home/redpanda/Downloads/Vikings 2013 Season 3 Episode 5 720p HD x264.mp4.part'>
Got it modified
<FileModifiedEvent: src_path='/home/redpanda/Downloads/Vikings 2013 Season 3 Episode 5 720p HD x264.mp4.part'>
Got it modified
<FileModifiedEvent: src_path='/home/redpanda/Downloads/Vikings 2013 Season 3 Episode 5 720p HD x264.mp4.part'>
Got it modified
<FileModifiedEvent: src_path='/home/redpanda/Downloads/Vikings 2013 Season 3 Episode 5 720p HD x264.mp4.part'>
Got it modified
<FileModifiedEvent: src_path='/home/redpanda/Downloads/Vikings 2013 Season 3 Episode 5 720p HD x264.mp4.part'>
Got it modified
<FileModifiedEvent: src_path='/home/redpanda/Downloads/Vikings 2013 Season 3 Episode 5 720p HD x264.mp4.part'>
Got it modified
<FileModifiedEvent: src_path='/home/redpanda/Downloads/Vikings 2013 Season 3 Episode 5 720p HD x264.mp4.part'>
Got it modified
<FileModifiedEvent: src_path='/home/redpanda/Downloads/Vikings 2013 Season 3 Episode 5 720p HD x264.mp4.part'>
Got it modified
<FileModifiedEvent: src_path='/home/redpanda/Downloads/Vikings 2013 Season 3 Episode 5 720p HD x264.mp4.part'>
Got it modified
<FileModifiedEvent: src_path='/home/redpanda/Downloads/Vikings 2013 Season 3 Episode 5 720p HD x264.mp4.part'>
Got it modified
<FileModifiedEvent: src_path='/home/redpanda/Downloads/Vikings 2013 Season 3 Episode 5 720p HD x264.mp4.part'>
Got it modified
<FileModifiedEvent: src_path='/home/redpanda/Downloads/Vikings 2013 Season 3 Episode 5 720p HD x264.mp4.part'>
Got it modified
<FileModifiedEvent: src_path='/home/redpanda/Downloads/Vikings 2013 Season 3 Episode 5 720p HD x264.mp4.part'>
Got it modified
<FileModifiedEvent: src_path='/home/redpanda/Downloads/Vikings 2013 Season 3 Episode 5 720p HD x264.mp4.part'>
Got it modified
<FileModifiedEvent: src_path='/home/redpanda/Downloads/Vikings 2013 Season 3 Episode 5 720p HD x264.mp4.part'>
Got it modified
<FileModifiedEvent: src_path='/home/redpanda/Downloads/Vikings 2013 Season 3 Episode 5 720p HD x264.mp4.part'>
Got it modified
<FileModifiedEvent: src_path='/home/redpanda/Downloads/Vikings 2013 Season 3 Episode 5 720p HD x264.mp4.part'>
Got it modified
<FileModifiedEvent: src_path='/home/redpanda/Downloads/Vikings 2013 Season 3 Episode 5 720p HD x264.mp4.part'>
Got it created
done
Got it modified
<DirModifiedEvent: src_path='/home/redpanda/Downloads'>
Got it modified
<FileModifiedEvent: src_path='/home/redpanda/Downloads/pencil.png'>
Got it modified
<DirModifiedEvent: src_path='/home/redpanda/Downloads'>
Got it modified
<FileModifiedEvent: src_path='/home/redpanda/Downloads/Vikings 2013 Season 3 Episode 5 720p HD x264.mp4.part'>
Got it modified
<FileModifiedEvent: src_path='/home/redpanda/Downloads/Vikings 2013 Season 3 Episode 5 720p HD x264.mp4.part'>
Got it modified
<FileModifiedEvent: src_path='/home/redpanda/Downloads/Vikings 2013 Season 3 Episode 5 720p HD x264.mp4.part'>
Got it modified
<FileModifiedEvent: src_path='/home/redpanda/Downloads/Vikings 2013 Season 3 Episode 5 720p HD x264.mp4.part'>
Got it modified
<FileModifiedEvent: src_path='/home/redpanda/Downloads/Vikings 2013 Season 3 Episode 5 720p HD x264.mp4.part'>
Got it modified
<FileModifiedEvent: src_path='/home/redpanda/Downloads/Vikings 2013 Season 3 Episode 5 720p HD x264.mp4.part'>
Got it modified
<FileModifiedEvent: src_path='/home/redpanda/Downloads/Vikings 2013 Season 3 Episode 5 720p HD x264.mp4.part'>
Got it modified
<FileModifiedEvent: src_path='/home/redpanda/Downloads/Vikings 2013 Season 3 Episode 5 720p HD x264.mp4.part'>
Got it modified
<FileModifiedEvent: src_path='/home/redpanda/Downloads/Vikings 2013 Season 3 Episode 5 720p HD x264.mp4.part'>
Got it modified
<FileModifiedEvent: src_path='/home/redpanda/Downloads/Vikings 2013 Season 3 Episode 5 720p HD x264.mp4.part'>
Got it modified
<FileModifiedEvent: src_path='/home/redpanda/Downloads/Vikings 2013 Season 3 Episode 5 720p HD x264.mp4.part'>
Got it modified
<FileModifiedEvent: src_path='/home/redpanda/Downloads/Vikings 2013 Season 3 Episode 5 720p HD x264.mp4.part'>
Got it modified
<FileModifiedEvent: src_path='/home/redpanda/Downloads/Vikings 2013 Season 3 Episode 5 720p HD x264.mp4.part'>
Got it modified
<FileModifiedEvent: src_path='/home/redpanda/Downloads/Vikings 2013 Season 3 Episode 5 720p HD x264.mp4.part'>
Got it modified
<FileModifiedEvent: src_path='/home/redpanda/Downloads/Vikings 2013 Season 3 Episode 5 720p HD x264.mp4.part'>
Got it modified
<FileModifiedEvent: src_path='/home/redpanda/Downloads/Vikings 2013 Season 3 Episode 5 720p HD x264.mp4.part'>
Got it modified
<FileModifiedEvent: src_path='/home/redpanda/Downloads/Vikings 2013 Season 3 Episode 5 720p HD x264.mp4.part'>
Got it modified
<FileModifiedEvent: src_path='/home/redpanda/Downloads/Vikings 2013 Season 3 Episode 5 720p HD x264.mp4.part'>
Got it modified
<FileModifiedEvent: src_path='/home/redpanda/Downloads/Vikings 2013 Season 3 Episode 5 720p HD x264.mp4.part'>
Got it modified
<FileModifiedEvent: src_path='/home/redpanda/Downloads/Vikings 2013 Season 3 Episode 5 720p HD x264.mp4.part'>
Got it modified
<FileModifiedEvent: src_path='/home/redpanda/Downloads/Vikings 2013 Season 3 Episode 5 720p HD x264.mp4.part'>
Got it modified
<FileModifiedEvent: src_path='/home/redpanda/Downloads/Vikings 2013 Season 3 Episode 5 720p HD x264.mp4.part'>
Got it modified
<FileModifiedEvent: src_path='/home/redpanda/Downloads/Vikings 2013 Season 3 Episode 5 720p HD x264.mp4.part'>
Got it modified
<FileModifiedEvent: src_path='/home/redpanda/Downloads/Vikings 2013 Season 3 Episode 5 720p HD x264.mp4.part'>
Got it modified
<FileModifiedEvent: src_path='/home/redpanda/Downloads/Vikings 2013 Season 3 Episode 5 720p HD x264.mp4.part'>
Got it modified
<FileModifiedEvent: src_path='/home/redpanda/Downloads/Vikings 2013 Season 3 Episode 5 720p HD x264.mp4.part'>
Got it modified
<FileModifiedEvent: src_path='/home/redpanda/Downloads/Vikings 2013 Season 3 Episode 5 720p HD x264.mp4.part'>
Got it modified
<FileModifiedEvent: src_path='/home/redpanda/Downloads/Vikings 2013 Season 3 Episode 5 720p HD x264.mp4.part'>
Got it modified
<FileModifiedEvent: src_path='/home/redpanda/Downloads/Vikings 2013 Season 3 Episode 5 720p HD x264.mp4.part'>
Got it modified
<FileModifiedEvent: src_path='/home/redpanda/Downloads/Vikings 2013 Season 3 Episode 5 720p HD x264.mp4.part'>
Got it modified
<FileModifiedEvent: src_path='/home/redpanda/Downloads/Vikings 2013 Season 3 Episode 5 720p HD x264.mp4.part'>
Got it modified
<FileModifiedEvent: src_path='/home/redpanda/Downloads/Vikings 2013 Season 3 Episode 5 720p HD x264.mp4.part'>
Got it modified
<FileModifiedEvent: src_path='/home/redpanda/Downloads/Vikings 2013 Season 3 Episode 5 720p HD x264.mp4.part'>
Got it modified
<FileModifiedEvent: src_path='/home/redpanda/Downloads/Vikings 2013 Season 3 Episode 5 720p HD x264.mp4.part'>
Got it modified
<FileModifiedEvent: src_path='/home/redpanda/Downloads/Vikings 2013 Season 3 Episode 5 720p HD x264.mp4.part'>
Got it modified
<FileModifiedEvent: src_path='/home/redpanda/Downloads/Vikings 2013 Season 3 Episode 5 720p HD x264.mp4.part'>
Got it modified
<FileModifiedEvent: src_path='/home/redpanda/Downloads/Vikings 2013 Season 3 Episode 5 720p HD x264.mp4.part'>
Got it modified
<FileModifiedEvent: src_path='/home/redpanda/Downloads/Vikings 2013 Season 3 Episode 5 720p HD x264.mp4.part'>
Got it modified
<FileModifiedEvent: src_path='/home/redpanda/Downloads/Vikings 2013 Season 3 Episode 5 720p HD x264.mp4.part'>
Got it modified
<FileModifiedEvent: src_path='/home/redpanda/Downloads/Vikings 2013 Season 3 Episode 5 720p HD x264.mp4.part'>
Got it modified
<FileModifiedEvent: src_path='/home/redpanda/Downloads/Vikings 2013 Season 3 Episode 5 720p HD x264.mp4.part'>
Got it modified
<FileModifiedEvent: src_path='/home/redpanda/Downloads/Vikings 2013 Season 3 Episode 5 720p HD x264.mp4.part'>
Got it modified
<FileModifiedEvent: src_path='/home/redpanda/Downloads/Vikings 2013 Season 3 Episode 5 720p HD x264.mp4.part'>
Got it modified
<FileModifiedEvent: src_path='/home/redpanda/Downloads/Vikings 2013 Season 3 Episode 5 720p HD x264.mp4.part'>
Got it modified
<FileModifiedEvent: src_path='/home/redpanda/Downloads/Vikings 2013 Season 3 Episode 5 720p HD x264.mp4.part'>
Got it modified
<FileModifiedEvent: src_path='/home/redpanda/Downloads/Vikings 2013 Season 3 Episode 5 720p HD x264.mp4.part'>
Got it modified
<FileModifiedEvent: src_path='/home/redpanda/Downloads/Vikings 2013 Season 3 Episode 5 720p HD x264.mp4.part'>
Got it modified
<FileModifiedEvent: src_path='/home/redpanda/Downloads/Vikings 2013 Season 3 Episode 5 720p HD x264.mp4.part'>
Got it modified
<FileModifiedEvent: src_path='/home/redpanda/Downloads/Vikings 2013 Season 3 Episode 5 720p HD x264.mp4.part'>
Got it modified
<FileModifiedEvent: src_path='/home/redpanda/Downloads/Vikings 2013 Season 3 Episode 5 720p HD x264.mp4.part'>
Got it modified
<FileModifiedEvent: src_path='/home/redpanda/Downloads/Vikings 2013 Season 3 Episode 5 720p HD x264.mp4.part'>
Got it modified
<FileModifiedEvent: src_path='/home/redpanda/Downloads/Vikings 2013 Season 3 Episode 5 720p HD x264.mp4.part'>
Got it modified
<FileModifiedEvent: src_path='/home/redpanda/Downloads/Vikings 2013 Season 3 Episode 5 720p HD x264.mp4.part'>
Got it modified
<FileModifiedEvent: src_path='/home/redpanda/Downloads/Vikings 2013 Season 3 Episode 5 720p HD x264.mp4.part'>
Got it modified
<FileModifiedEvent: src_path='/home/redpanda/Downloads/Vikings 2013 Season 3 Episode 5 720p HD x264.mp4.part'>
Got it modified
<FileModifiedEvent: src_path='/home/redpanda/Downloads/Vikings 2013 Season 3 Episode 5 720p HD x264.mp4.part'>
Got it modified
<FileModifiedEvent: src_path='/home/redpanda/Downloads/Vikings 2013 Season 3 Episode 5 720p HD x264.mp4.part'>
Got it modified
<FileModifiedEvent: src_path='/home/redpanda/Downloads/Vikings 2013 Season 3 Episode 5 720p HD x264.mp4.part'>
Got it modified
<FileModifiedEvent: src_path='/home/redpanda/Downloads/Vikings 2013 Season 3 Episode 5 720p HD x264.mp4.part'>
Got it modified
<FileModifiedEvent: src_path='/home/redpanda/Downloads/Vikings 2013 Season 3 Episode 5 720p HD x264.mp4.part'>
Got it modified
<FileModifiedEvent: src_path='/home/redpanda/Downloads/Vikings 2013 Season 3 Episode 5 720p HD x264.mp4.part'>
Got it modified
<FileModifiedEvent: src_path='/home/redpanda/Downloads/Vikings 2013 Season 3 Episode 5 720p HD x264.mp4.part'>
Got it modified
<FileModifiedEvent: src_path='/home/redpanda/Downloads/Vikings 2013 Season 3 Episode 5 720p HD x264.mp4.part'>
Got it modified
<FileModifiedEvent: src_path='/home/redpanda/Downloads/Vikings 2013 Season 3 Episode 5 720p HD x264.mp4.part'>
Got it modified
<FileModifiedEvent: src_path='/home/redpanda/Downloads/Vikings 2013 Season 3 Episode 5 720p HD x264.mp4.part'>
Got it modified
<FileModifiedEvent: src_path='/home/redpanda/Downloads/Vikings 2013 Season 3 Episode 5 720p HD x264.mp4.part'>
Got it modified
<FileModifiedEvent: src_path='/home/redpanda/Downloads/Vikings 2013 Season 3 Episode 5 720p HD x264.mp4.part'>
Got it modified
<FileModifiedEvent: src_path='/home/redpanda/Downloads/Vikings 2013 Season 3 Episode 5 720p HD x264.mp4.part'>
Got it modified
<FileModifiedEvent: src_path='/home/redpanda/Downloads/Vikings 2013 Season 3 Episode 5 720p HD x264.mp4.part'>
Got it modified
<FileModifiedEvent: src_path='/home/redpanda/Downloads/Vikings 2013 Season 3 Episode 5 720p HD x264.mp4.part'>
Got it modified
<FileModifiedEvent: src_path='/home/redpanda/Downloads/Vikings 2013 Season 3 Episode 5 720p HD x264.mp4.part'>
Got it modified
<FileModifiedEvent: src_path='/home/redpanda/Downloads/Vikings 2013 Season 3 Episode 5 720p HD x264.mp4.part'>
Got it modified
<FileModifiedEvent: src_path='/home/redpanda/Downloads/Vikings 2013 Season 3 Episode 5 720p HD x264.mp4.part'>
Got it modified
<FileModifiedEvent: src_path='/home/redpanda/Downloads/Vikings 2013 Season 3 Episode 5 720p HD x264.mp4.part'>
Got it modified
<FileModifiedEvent: src_path='/home/redpanda/Downloads/Vikings 2013 Season 3 Episode 5 720p HD x264.mp4.part'>
Got it modified
<FileModifiedEvent: src_path='/home/redpanda/Downloads/Vikings 2013 Season 3 Episode 5 720p HD x264.mp4.part'>
Got it modified
<FileModifiedEvent: src_path='/home/redpanda/Downloads/Vikings 2013 Season 3 Episode 5 720p HD x264.mp4.part'>
Got it modified
<FileModifiedEvent: src_path='/home/redpanda/Downloads/Vikings 2013 Season 3 Episode 5 720p HD x264.mp4.part'>
Got it modified
<FileModifiedEvent: src_path='/home/redpanda/Downloads/Vikings 2013 Season 3 Episode 5 720p HD x264.mp4.part'>
Got it modified
<FileModifiedEvent: src_path='/home/redpanda/Downloads/Vikings 2013 Season 3 Episode 5 720p HD x264.mp4.part'>
Got it modified
<FileModifiedEvent: src_path='/home/redpanda/Downloads/Vikings 2013 Season 3 Episode 5 720p HD x264.mp4.part'>
Got it modified
<FileModifiedEvent: src_path='/home/redpanda/Downloads/Vikings 2013 Season 3 Episode 5 720p HD x264.mp4.part'>
Got it modified
<FileModifiedEvent: src_path='/home/redpanda/Downloads/Vikings 2013 Season 3 Episode 5 720p HD x264.mp4.part'>
Got it modified
<FileModifiedEvent: src_path='/home/redpanda/Downloads/Vikings 2013 Season 3 Episode 5 720p HD x264.mp4.part'>
Got it modified
<FileModifiedEvent: src_path='/home/redpanda/Downloads/Vikings 2013 Season 3 Episode 5 720p HD x264.mp4.part'>
Got it modified
<FileModifiedEvent: src_path='/home/redpanda/Downloads/Vikings 2013 Season 3 Episode 5 720p HD x264.mp4.part'>
Got it modified
<FileModifiedEvent: src_path='/home/redpanda/Downloads/Vikings 2013 Season 3 Episode 5 720p HD x264.mp4.part'>
Got it modified
<FileModifiedEvent: src_path='/home/redpanda/Downloads/Vikings 2013 Season 3 Episode 5 720p HD x264.mp4.part'>
Got it modified
<FileModifiedEvent: src_path='/home/redpanda/Downloads/Vikings 2013 Season 3 Episode 5 720p HD x264.mp4.part'>
Got it modified
<FileModifiedEvent: src_path='/home/redpanda/Downloads/Vikings 2013 Season 3 Episode 5 720p HD x264.mp4.part'>
Got it modified
<FileModifiedEvent: src_path='/home/redpanda/Downloads/Vikings 2013 Season 3 Episode 5 720p HD x264.mp4.part'>
Got it modified
<FileModifiedEvent: src_path='/home/redpanda/Downloads/Vikings 2013 Season 3 Episode 5 720p HD x264.mp4.part'>
Got it modified
<FileModifiedEvent: src_path='/home/redpanda/Downloads/Vikings 2013 Season 3 Episode 5 720p HD x264.mp4.part'>
Got it modified
<FileModifiedEvent: src_path='/home/redpanda/Downloads/Vikings 2013 Season 3 Episode 5 720p HD x264.mp4.part'>
Got it modified
<FileModifiedEvent: src_path='/home/redpanda/Downloads/Vikings 2013 Season 3 Episode 5 720p HD x264.mp4.part'>
Got it modified
<FileModifiedEvent: src_path='/home/redpanda/Downloads/Vikings 2013 Season 3 Episode 5 720p HD x264.mp4.part'>
Got it modified
<FileModifiedEvent: src_path='/home/redpanda/Downloads/Vikings 2013 Season 3 Episode 5 720p HD x264.mp4.part'>
Got it modified
<FileModifiedEvent: src_path='/home/redpanda/Downloads/Vikings 2013 Season 3 Episode 5 720p HD x264.mp4.part'>
Got it modified
<FileModifiedEvent: src_path='/home/redpanda/Downloads/Vikings 2013 Season 3 Episode 5 720p HD x264.mp4.part'>
Got it modified
<FileModifiedEvent: src_path='/home/redpanda/Downloads/Vikings 2013 Season 3 Episode 5 720p HD x264.mp4.part'>
Got it modified
<FileModifiedEvent: src_path='/home/redpanda/Downloads/Vikings 2013 Season 3 Episode 5 720p HD x264.mp4.part'>
Got it modified
<FileModifiedEvent: src_path='/home/redpanda/Downloads/Vikings 2013 Season 3 Episode 5 720p HD x264.mp4.part'>
Got it modified
<FileModifiedEvent: src_path='/home/redpanda/Downloads/Vikings 2013 Season 3 Episode 5 720p HD x264.mp4.part'>
Got it modified
<FileModifiedEvent: src_path='/home/redpanda/Downloads/Vikings 2013 Season 3 Episode 5 720p HD x264.mp4.part'>
Got it modified
<FileModifiedEvent: src_path='/home/redpanda/Downloads/Vikings 2013 Season 3 Episode 5 720p HD x264.mp4.part'>
Got it modified
<FileModifiedEvent: src_path='/home/redpanda/Downloads/Vikings 2013 Season 3 Episode 5 720p HD x264.mp4.part'>
Got it modified
<FileModifiedEvent: src_path='/home/redpanda/Downloads/Vikings 2013 Season 3 Episode 5 720p HD x264.mp4.part'>
Got it modified
<FileModifiedEvent: src_path='/home/redpanda/Downloads/Vikings 2013 Season 3 Episode 5 720p HD x264.mp4.part'>
Got it modified
<FileModifiedEvent: src_path='/home/redpanda/Downloads/Vikings 2013 Season 3 Episode 5 720p HD x264.mp4.part'>
Got it modified
<FileModifiedEvent: src_path='/home/redpanda/Downloads/Vikings 2013 Season 3 Episode 5 720p HD x264.mp4.part'>
Got it modified
<FileModifiedEvent: src_path='/home/redpanda/Downloads/Vikings 2013 Season 3 Episode 5 720p HD x264.mp4.part'>
Got it modified
<FileModifiedEvent: src_path='/home/redpanda/Downloads/Vikings 2013 Season 3 Episode 5 720p HD x264.mp4.part'>
Got it modified
<FileModifiedEvent: src_path='/home/redpanda/Downloads/Vikings 2013 Season 3 Episode 5 720p HD x264.mp4.part'>
Got it modified
<FileModifiedEvent: src_path='/home/redpanda/Downloads/Vikings 2013 Season 3 Episode 5 720p HD x264.mp4.part'>
Got it modified
<FileModifiedEvent: src_path='/home/redpanda/Downloads/Vikings 2013 Season 3 Episode 5 720p HD x264.mp4.part'>
Got it modified
<FileModifiedEvent: src_path='/home/redpanda/Downloads/Vikings 2013 Season 3 Episode 5 720p HD x264.mp4.part'>
Got it modified
<FileModifiedEvent: src_path='/home/redpanda/Downloads/Vikings 2013 Season 3 Episode 5 720p HD x264.mp4.part'>
Got it modified
<FileModifiedEvent: src_path='/home/redpanda/Downloads/Vikings 2013 Season 3 Episode 5 720p HD x264.mp4.part'>
Got it modified
<FileModifiedEvent: src_path='/home/redpanda/Downloads/Vikings 2013 Season 3 Episode 5 720p HD x264.mp4.part'>
Got it modified
<FileModifiedEvent: src_path='/home/redpanda/Downloads/Vikings 2013 Season 3 Episode 5 720p HD x264.mp4.part'>
Got it modified
<FileModifiedEvent: src_path='/home/redpanda/Downloads/Vikings 2013 Season 3 Episode 5 720p HD x264.mp4.part'>
Got it modified
<FileModifiedEvent: src_path='/home/redpanda/Downloads/Vikings 2013 Season 3 Episode 5 720p HD x264.mp4.part'>
Got it modified
<FileModifiedEvent: src_path='/home/redpanda/Downloads/Vikings 2013 Season 3 Episode 5 720p HD x264.mp4.part'>
Got it modified
<FileModifiedEvent: src_path='/home/redpanda/Downloads/Vikings 2013 Season 3 Episode 5 720p HD x264.mp4.part'>
Got it modified
<FileModifiedEvent: src_path='/home/redpanda/Downloads/Vikings 2013 Season 3 Episode 5 720p HD x264.mp4.part'>
Got it modified
<FileModifiedEvent: src_path='/home/redpanda/Downloads/Vikings 2013 Season 3 Episode 5 720p HD x264.mp4.part'>
Got it modified
<FileModifiedEvent: src_path='/home/redpanda/Downloads/Vikings 2013 Season 3 Episode 5 720p HD x264.mp4.part'>
Got it modified
<FileModifiedEvent: src_path='/home/redpanda/Downloads/Vikings 2013 Season 3 Episode 5 720p HD x264.mp4.part'>
Got it modified
<FileModifiedEvent: src_path='/home/redpanda/Downloads/Vikings 2013 Season 3 Episode 5 720p HD x264.mp4.part'>
Got it modified
<FileModifiedEvent: src_path='/home/redpanda/Downloads/Vikings 2013 Season 3 Episode 5 720p HD x264.mp4.part'>
Got it modified
<FileModifiedEvent: src_path='/home/redpanda/Downloads/Vikings 2013 Season 3 Episode 5 720p HD x264.mp4.part'>
Got it modified
<FileModifiedEvent: src_path='/home/redpanda/Downloads/Vikings 2013 Season 3 Episode 5 720p HD x264.mp4.part'>
Got it modified
<FileModifiedEvent: src_path='/home/redpanda/Downloads/Vikings 2013 Season 3 Episode 5 720p HD x264.mp4.part'>
Got it modified
<FileModifiedEvent: src_path='/home/redpanda/Downloads/Vikings 2013 Season 3 Episode 5 720p HD x264.mp4.part'>
Got it modified
<FileModifiedEvent: src_path='/home/redpanda/Downloads/Vikings 2013 Season 3 Episode 5 720p HD x264.mp4.part'>
Got it modified
<FileModifiedEvent: src_path='/home/redpanda/Downloads/Vikings 2013 Season 3 Episode 5 720p HD x264.mp4.part'>
Got it modified
<FileModifiedEvent: src_path='/home/redpanda/Downloads/Vikings 2013 Season 3 Episode 5 720p HD x264.mp4.part'>
Got it modified
<FileModifiedEvent: src_path='/home/redpanda/Downloads/Vikings 2013 Season 3 Episode 5 720p HD x264.mp4.part'>
Got it modified
<FileModifiedEvent: src_path='/home/redpanda/Downloads/Vikings 2013 Season 3 Episode 5 720p HD x264.mp4.part'>
Got it modified
<FileModifiedEvent: src_path='/home/redpanda/Downloads/Vikings 2013 Season 3 Episode 5 720p HD x264.mp4.part'>
Got it modified
<FileModifiedEvent: src_path='/home/redpanda/Downloads/Vikings 2013 Season 3 Episode 5 720p HD x264.mp4.part'>
Got it modified
<FileModifiedEvent: src_path='/home/redpanda/Downloads/Vikings 2013 Season 3 Episode 5 720p HD x264.mp4.part'>
Got it modified
<FileModifiedEvent: src_path='/home/redpanda/Downloads/Vikings 2013 Season 3 Episode 5 720p HD x264.mp4.part'>
Got it modified
<FileModifiedEvent: src_path='/home/redpanda/Downloads/Vikings 2013 Season 3 Episode 5 720p HD x264.mp4.part'>
Got it modified
<FileModifiedEvent: src_path='/home/redpanda/Downloads/Vikings 2013 Season 3 Episode 5 720p HD x264.mp4.part'>
Got it modified
<FileModifiedEvent: src_path='/home/redpanda/Downloads/Vikings 2013 Season 3 Episode 5 720p HD x264.mp4.part'>
Got it modified
<FileModifiedEvent: src_path='/home/redpanda/Downloads/Vikings 2013 Season 3 Episode 5 720p HD x264.mp4.part'>
Got it modified
<FileModifiedEvent: src_path='/home/redpanda/Downloads/Vikings 2013 Season 3 Episode 5 720p HD x264.mp4.part'>
Got it modified
<FileModifiedEvent: src_path='/home/redpanda/Downloads/Vikings 2013 Season 3 Episode 5 720p HD x264.mp4.part'>
Got it modified
<FileModifiedEvent: src_path='/home/redpanda/Downloads/Vikings 2013 Season 3 Episode 5 720p HD x264.mp4.part'>
Got it modified
<FileModifiedEvent: src_path='/home/redpanda/Downloads/Vikings 2013 Season 3 Episode 5 720p HD x264.mp4.part'>
Got it modified
<FileModifiedEvent: src_path='/home/redpanda/Downloads/Vikings 2013 Season 3 Episode 5 720p HD x264.mp4.part'>
Got it modified
<FileModifiedEvent: src_path='/home/redpanda/Downloads/Vikings 2013 Season 3 Episode 5 720p HD x264.mp4.part'>
Got it modified
<FileModifiedEvent: src_path='/home/redpanda/Downloads/Vikings 2013 Season 3 Episode 5 720p HD x264.mp4.part'>
Got it modified
<FileModifiedEvent: src_path='/home/redpanda/Downloads/Vikings 2013 Season 3 Episode 5 720p HD x264.mp4.part'>
Got it modified
<FileModifiedEvent: src_path='/home/redpanda/Downloads/Vikings 2013 Season 3 Episode 5 720p HD x264.mp4.part'>
Got it modified
<FileModifiedEvent: src_path='/home/redpanda/Downloads/Vikings 2013 Season 3 Episode 5 720p HD x264.mp4.part'>
Got it modified
<FileModifiedEvent: src_path='/home/redpanda/Downloads/Vikings 2013 Season 3 Episode 5 720p HD x264.mp4.part'>
Got it modified
<FileModifiedEvent: src_path='/home/redpanda/Downloads/Vikings 2013 Season 3 Episode 5 720p HD x264.mp4.part'>
Got it modified
<FileModifiedEvent: src_path='/home/redpanda/Downloads/Vikings 2013 Season 3 Episode 5 720p HD x264.mp4.part'>
Got it modified
<FileModifiedEvent: src_path='/home/redpanda/Downloads/Vikings 2013 Season 3 Episode 5 720p HD x264.mp4.part'>
Got it modified
<FileModifiedEvent: src_path='/home/redpanda/Downloads/Vikings 2013 Season 3 Episode 5 720p HD x264.mp4.part'>
Got it modified
<FileModifiedEvent: src_path='/home/redpanda/Downloads/Vikings 2013 Season 3 Episode 5 720p HD x264.mp4.part'>
Got it modified
<FileModifiedEvent: src_path='/home/redpanda/Downloads/Vikings 2013 Season 3 Episode 5 720p HD x264.mp4.part'>
Got it modified
<FileModifiedEvent: src_path='/home/redpanda/Downloads/Vikings 2013 Season 3 Episode 5 720p HD x264.mp4.part'>
Got it modified
<FileModifiedEvent: src_path='/home/redpanda/Downloads/Vikings 2013 Season 3 Episode 5 720p HD x264.mp4.part'>
Got it modified
<FileModifiedEvent: src_path='/home/redpanda/Downloads/Vikings 2013 Season 3 Episode 5 720p HD x264.mp4.part'>
Got it modified
<FileModifiedEvent: src_path='/home/redpanda/Downloads/Vikings 2013 Season 3 Episode 5 720p HD x264.mp4.part'>
Got it modified
<FileModifiedEvent: src_path='/home/redpanda/Downloads/Vikings 2013 Season 3 Episode 5 720p HD x264.mp4.part'>
Got it modified
<FileModifiedEvent: src_path='/home/redpanda/Downloads/Vikings 2013 Season 3 Episode 5 720p HD x264.mp4.part'>
Got it modified
<FileModifiedEvent: src_path='/home/redpanda/Downloads/Vikings 2013 Season 3 Episode 5 720p HD x264.mp4.part'>
Got it modified
<FileModifiedEvent: src_path='/home/redpanda/Downloads/Vikings 2013 Season 3 Episode 5 720p HD x264.mp4.part'>
Got it modified
<FileModifiedEvent: src_path='/home/redpanda/Downloads/Vikings 2013 Season 3 Episode 5 720p HD x264.mp4.part'>
Got it modified
<FileModifiedEvent: src_path='/home/redpanda/Downloads/Vikings 2013 Season 3 Episode 5 720p HD x264.mp4.part'>
Got it modified
<FileModifiedEvent: src_path='/home/redpanda/Downloads/Vikings 2013 Season 3 Episode 5 720p HD x264.mp4.part'>
Got it modified
<FileModifiedEvent: src_path='/home/redpanda/Downloads/Vikings 2013 Season 3 Episode 5 720p HD x264.mp4.part'>
Got it modified
<FileModifiedEvent: src_path='/home/redpanda/Downloads/Vikings 2013 Season 3 Episode 5 720p HD x264.mp4.part'>
Got it modified
<FileModifiedEvent: src_path='/home/redpanda/Downloads/Vikings 2013 Season 3 Episode 5 720p HD x264.mp4.part'>
Got it modified
<FileModifiedEvent: src_path='/home/redpanda/Downloads/Vikings 2013 Season 3 Episode 5 720p HD x264.mp4.part'>
Got it modified
<FileModifiedEvent: src_path='/home/redpanda/Downloads/Vikings 2013 Season 3 Episode 5 720p HD x264.mp4.part'>
Got it modified
<FileModifiedEvent: src_path='/home/redpanda/Downloads/Vikings 2013 Season 3 Episode 5 720p HD x264.mp4.part'>
Got it modified
<FileModifiedEvent: src_path='/home/redpanda/Downloads/Vikings 2013 Season 3 Episode 5 720p HD x264.mp4.part'>
Got it modified
<FileModifiedEvent: src_path='/home/redpanda/Downloads/Vikings 2013 Season 3 Episode 5 720p HD x264.mp4.part'>
Got it modified
<FileModifiedEvent: src_path='/home/redpanda/Downloads/Vikings 2013 Season 3 Episode 5 720p HD x264.mp4.part'>
Got it modified
<FileModifiedEvent: src_path='/home/redpanda/Downloads/Vikings 2013 Season 3 Episode 5 720p HD x264.mp4.part'>
Got it modified
<FileModifiedEvent: src_path='/home/redpanda/Downloads/Vikings 2013 Season 3 Episode 5 720p HD x264.mp4.part'>
Got it modified
<FileModifiedEvent: src_path='/home/redpanda/Downloads/Vikings 2013 Season 3 Episode 5 720p HD x264.mp4.part'>
Got it modified
<FileModifiedEvent: src_path='/home/redpanda/Downloads/Vikings 2013 Season 3 Episode 5 720p HD x264.mp4.part'>
Got it modified
<FileModifiedEvent: src_path='/home/redpanda/Downloads/Vikings 2013 Season 3 Episode 5 720p HD x264.mp4.part'>
Got it modified
<FileModifiedEvent: src_path='/home/redpanda/Downloads/Vikings 2013 Season 3 Episode 5 720p HD x264.mp4.part'>
Got it modified
<FileModifiedEvent: src_path='/home/redpanda/Downloads/Vikings 2013 Season 3 Episode 5 720p HD x264.mp4.part'>
Got it modified
<FileModifiedEvent: src_path='/home/redpanda/Downloads/Vikings 2013 Season 3 Episode 5 720p HD x264.mp4.part'>
Got it modified
<FileModifiedEvent: src_path='/home/redpanda/Downloads/Vikings 2013 Season 3 Episode 5 720p HD x264.mp4.part'>
Got it modified
<FileModifiedEvent: src_path='/home/redpanda/Downloads/Vikings 2013 Season 3 Episode 5 720p HD x264.mp4.part'>
Got it modified
<FileModifiedEvent: src_path='/home/redpanda/Downloads/Vikings 2013 Season 3 Episode 5 720p HD x264.mp4.part'>
Got it modified
<FileModifiedEvent: src_path='/home/redpanda/Downloads/Vikings 2013 Season 3 Episode 5 720p HD x264.mp4.part'>
Got it modified
<FileModifiedEvent: src_path='/home/redpanda/Downloads/Vikings 2013 Season 3 Episode 5 720p HD x264.mp4.part'>
Got it modified
<FileModifiedEvent: src_path='/home/redpanda/Downloads/Vikings 2013 Season 3 Episode 5 720p HD x264.mp4.part'>
Got it modified
<FileModifiedEvent: src_path='/home/redpanda/Downloads/Vikings 2013 Season 3 Episode 5 720p HD x264.mp4.part'>
Got it modified
<FileModifiedEvent: src_path='/home/redpanda/Downloads/Vikings 2013 Season 3 Episode 5 720p HD x264.mp4.part'>
Got it modified
<FileModifiedEvent: src_path='/home/redpanda/Downloads/Vikings 2013 Season 3 Episode 5 720p HD x264.mp4.part'>
Got it modified
<FileModifiedEvent: src_path='/home/redpanda/Downloads/Vikings 2013 Season 3 Episode 5 720p HD x264.mp4.part'>
Got it modified
<FileModifiedEvent: src_path='/home/redpanda/Downloads/Vikings 2013 Season 3 Episode 5 720p HD x264.mp4.part'>
Got it modified
<FileModifiedEvent: src_path='/home/redpanda/Downloads/Vikings 2013 Season 3 Episode 5 720p HD x264.mp4.part'>
Got it modified
<FileModifiedEvent: src_path='/home/redpanda/Downloads/Vikings 2013 Season 3 Episode 5 720p HD x264.mp4.part'>
Got it modified
<FileModifiedEvent: src_path='/home/redpanda/Downloads/Vikings 2013 Season 3 Episode 5 720p HD x264.mp4.part'>
Got it modified
<FileModifiedEvent: src_path='/home/redpanda/Downloads/Vikings 2013 Season 3 Episode 5 720p HD x264.mp4.part'>
Got it modified
<FileModifiedEvent: src_path='/home/redpanda/Downloads/Vikings 2013 Season 3 Episode 5 720p HD x264.mp4.part'>
Got it modified
<FileModifiedEvent: src_path='/home/redpanda/Downloads/Vikings 2013 Season 3 Episode 5 720p HD x264.mp4.part'>
Got it modified
<FileModifiedEvent: src_path='/home/redpanda/Downloads/Vikings 2013 Season 3 Episode 5 720p HD x264.mp4.part'>
Got it modified
<FileModifiedEvent: src_path='/home/redpanda/Downloads/Vikings 2013 Season 3 Episode 5 720p HD x264.mp4.part'>
Got it modified
<FileModifiedEvent: src_path='/home/redpanda/Downloads/Vikings 2013 Season 3 Episode 5 720p HD x264.mp4.part'>
Got it modified
<FileModifiedEvent: src_path='/home/redpanda/Downloads/Vikings 2013 Season 3 Episode 5 720p HD x264.mp4.part'>
Got it modified
<FileModifiedEvent: src_path='/home/redpanda/Downloads/Vikings 2013 Season 3 Episode 5 720p HD x264.mp4.part'>
Got it modified
<FileModifiedEvent: src_path='/home/redpanda/Downloads/Vikings 2013 Season 3 Episode 5 720p HD x264.mp4.part'>
Got it modified
<FileModifiedEvent: src_path='/home/redpanda/Downloads/Vikings 2013 Season 3 Episode 5 720p HD x264.mp4.part'>
Got it modified
<FileModifiedEvent: src_path='/home/redpanda/Downloads/Vikings 2013 Season 3 Episode 5 720p HD x264.mp4.part'>
Got it modified
<FileModifiedEvent: src_path='/home/redpanda/Downloads/Vikings 2013 Season 3 Episode 5 720p HD x264.mp4.part'>
Got it modified
<FileModifiedEvent: src_path='/home/redpanda/Downloads/Vikings 2013 Season 3 Episode 5 720p HD x264.mp4.part'>
Got it modified
<FileModifiedEvent: src_path='/home/redpanda/Downloads/Vikings 2013 Season 3 Episode 5 720p HD x264.mp4.part'>
Got it modified
<FileModifiedEvent: src_path='/home/redpanda/Downloads/Vikings 2013 Season 3 Episode 5 720p HD x264.mp4.part'>
Got it modified
<FileModifiedEvent: src_path='/home/redpanda/Downloads/Vikings 2013 Season 3 Episode 5 720p HD x264.mp4.part'>
Got it modified
<FileModifiedEvent: src_path='/home/redpanda/Downloads/Vikings 2013 Season 3 Episode 5 720p HD x264.mp4.part'>
Got it modified
<FileModifiedEvent: src_path='/home/redpanda/Downloads/Vikings 2013 Season 3 Episode 5 720p HD x264.mp4.part'>
Got it modified
<FileModifiedEvent: src_path='/home/redpanda/Downloads/Vikings 2013 Season 3 Episode 5 720p HD x264.mp4.part'>
Got it modified
<FileModifiedEvent: src_path='/home/redpanda/Downloads/Vikings 2013 Season 3 Episode 5 720p HD x264.mp4.part'>
Got it modified
<FileModifiedEvent: src_path='/home/redpanda/Downloads/Vikings 2013 Season 3 Episode 5 720p HD x264.mp4.part'>
Got it modified
<FileModifiedEvent: src_path='/home/redpanda/Downloads/Vikings 2013 Season 3 Episode 5 720p HD x264.mp4.part'>
Got it modified
<FileModifiedEvent: src_path='/home/redpanda/Downloads/Vikings 2013 Season 3 Episode 5 720p HD x264.mp4.part'>
Got it modified
<FileModifiedEvent: src_path='/home/redpanda/Downloads/Vikings 2013 Season 3 Episode 5 720p HD x264.mp4.part'>
Got it modified
<FileModifiedEvent: src_path='/home/redpanda/Downloads/Vikings 2013 Season 3 Episode 5 720p HD x264.mp4.part'>
Got it modified
<FileModifiedEvent: src_path='/home/redpanda/Downloads/Vikings 2013 Season 3 Episode 5 720p HD x264.mp4.part'>
Got it modified
<FileModifiedEvent: src_path='/home/redpanda/Downloads/Vikings 2013 Season 3 Episode 5 720p HD x264.mp4.part'>
Got it modified
<FileModifiedEvent: src_path='/home/redpanda/Downloads/Vikings 2013 Season 3 Episode 5 720p HD x264.mp4.part'>
Got it modified
<FileModifiedEvent: src_path='/home/redpanda/Downloads/Vikings 2013 Season 3 Episode 5 720p HD x264.mp4.part'>
Got it modified
<FileModifiedEvent: src_path='/home/redpanda/Downloads/Vikings 2013 Season 3 Episode 5 720p HD x264.mp4.part'>
Got it modified
<FileModifiedEvent: src_path='/home/redpanda/Downloads/Vikings 2013 Season 3 Episode 5 720p HD x264.mp4.part'>
Got it modified
<FileModifiedEvent: src_path='/home/redpanda/Downloads/Vikings 2013 Season 3 Episode 5 720p HD x264.mp4.part'>
Got it modified
<FileModifiedEvent: src_path='/home/redpanda/Downloads/Vikings 2013 Season 3 Episode 5 720p HD x264.mp4.part'>
Got it modified
<FileModifiedEvent: src_path='/home/redpanda/Downloads/Vikings 2013 Season 3 Episode 5 720p HD x264.mp4.part'>
Got it modified
<FileModifiedEvent: src_path='/home/redpanda/Downloads/Vikings 2013 Season 3 Episode 5 720p HD x264.mp4.part'>
Got it modified
<FileModifiedEvent: src_path='/home/redpanda/Downloads/Vikings 2013 Season 3 Episode 5 720p HD x264.mp4.part'>
Got it modified
<FileModifiedEvent: src_path='/home/redpanda/Downloads/Vikings 2013 Season 3 Episode 5 720p HD x264.mp4.part'>
Got it modified
<FileModifiedEvent: src_path='/home/redpanda/Downloads/Vikings 2013 Season 3 Episode 5 720p HD x264.mp4.part'>
Got it modified
<FileModifiedEvent: src_path='/home/redpanda/Downloads/Vikings 2013 Season 3 Episode 5 720p HD x264.mp4.part'>
Got it modified
<FileModifiedEvent: src_path='/home/redpanda/Downloads/Vikings 2013 Season 3 Episode 5 720p HD x264.mp4.part'>
Got it modified
<FileModifiedEvent: src_path='/home/redpanda/Downloads/Vikings 2013 Season 3 Episode 5 720p HD x264.mp4.part'>
Got it modified
<FileModifiedEvent: src_path='/home/redpanda/Downloads/Vikings 2013 Season 3 Episode 5 720p HD x264.mp4.part'>
Got it modified
<FileModifiedEvent: src_path='/home/redpanda/Downloads/Vikings 2013 Season 3 Episode 5 720p HD x264.mp4.part'>
Got it modified
<FileModifiedEvent: src_path='/home/redpanda/Downloads/Vikings 2013 Season 3 Episode 5 720p HD x264.mp4.part'>
Got it modified
<FileModifiedEvent: src_path='/home/redpanda/Downloads/Vikings 2013 Season 3 Episode 5 720p HD x264.mp4.part'>
Got it modified
<FileModifiedEvent: src_path='/home/redpanda/Downloads/Vikings 2013 Season 3 Episode 5 720p HD x264.mp4.part'>
Got it modified
<FileModifiedEvent: src_path='/home/redpanda/Downloads/Vikings 2013 Season 3 Episode 5 720p HD x264.mp4.part'>
Got it modified
<FileModifiedEvent: src_path='/home/redpanda/Downloads/Vikings 2013 Season 3 Episode 5 720p HD x264.mp4.part'>
Got it modified
<FileModifiedEvent: src_path='/home/redpanda/Downloads/Vikings 2013 Season 3 Episode 5 720p HD x264.mp4.part'>
Got it modified
<FileModifiedEvent: src_path='/home/redpanda/Downloads/Vikings 2013 Season 3 Episode 5 720p HD x264.mp4.part'>
Got it modified
<FileModifiedEvent: src_path='/home/redpanda/Downloads/Vikings 2013 Season 3 Episode 5 720p HD x264.mp4.part'>
Got it modified
<FileModifiedEvent: src_path='/home/redpanda/Downloads/Vikings 2013 Season 3 Episode 5 720p HD x264.mp4.part'>
Got it modified
<FileModifiedEvent: src_path='/home/redpanda/Downloads/Vikings 2013 Season 3 Episode 5 720p HD x264.mp4.part'>
Got it modified
<FileModifiedEvent: src_path='/home/redpanda/Downloads/Vikings 2013 Season 3 Episode 5 720p HD x264.mp4.part'>
Got it modified
<FileModifiedEvent: src_path='/home/redpanda/Downloads/Vikings 2013 Season 3 Episode 5 720p HD x264.mp4.part'>
Got it modified
<FileModifiedEvent: src_path='/home/redpanda/Downloads/Vikings 2013 Season 3 Episode 5 720p HD x264.mp4.part'>
Got it modified
<FileModifiedEvent: src_path='/home/redpanda/Downloads/Vikings 2013 Season 3 Episode 5 720p HD x264.mp4.part'>
Got it modified
<FileModifiedEvent: src_path='/home/redpanda/Downloads/Vikings 2013 Season 3 Episode 5 720p HD x264.mp4.part'>
Got it modified
<FileModifiedEvent: src_path='/home/redpanda/Downloads/Vikings 2013 Season 3 Episode 5 720p HD x264.mp4.part'>
Got it modified
<FileModifiedEvent: src_path='/home/redpanda/Downloads/Vikings 2013 Season 3 Episode 5 720p HD x264.mp4.part'>
Got it modified
<FileModifiedEvent: src_path='/home/redpanda/Downloads/Vikings 2013 Season 3 Episode 5 720p HD x264.mp4.part'>
Got it modified
<FileModifiedEvent: src_path='/home/redpanda/Downloads/Vikings 2013 Season 3 Episode 5 720p HD x264.mp4.part'>
Got it modified
<FileModifiedEvent: src_path='/home/redpanda/Downloads/Vikings 2013 Season 3 Episode 5 720p HD x264.mp4.part'>
Got it modified
<FileModifiedEvent: src_path='/home/redpanda/Downloads/Vikings 2013 Season 3 Episode 5 720p HD x264.mp4.part'>
Got it modified
<FileModifiedEvent: src_path='/home/redpanda/Downloads/Vikings 2013 Season 3 Episode 5 720p HD x264.mp4.part'>
Got it modified
<FileModifiedEvent: src_path='/home/redpanda/Downloads/Vikings 2013 Season 3 Episode 5 720p HD x264.mp4.part'>
Got it modified
<FileModifiedEvent: src_path='/home/redpanda/Downloads/Vikings 2013 Season 3 Episode 5 720p HD x264.mp4.part'>
Got it modified
<FileModifiedEvent: src_path='/home/redpanda/Downloads/Vikings 2013 Season 3 Episode 5 720p HD x264.mp4.part'>
Got it modified
<FileModifiedEvent: src_path='/home/redpanda/Downloads/Vikings 2013 Season 3 Episode 5 720p HD x264.mp4.part'>
Got it modified
<FileModifiedEvent: src_path='/home/redpanda/Downloads/Vikings 2013 Season 3 Episode 5 720p HD x264.mp4.part'>
Got it modified
<FileModifiedEvent: src_path='/home/redpanda/Downloads/Vikings 2013 Season 3 Episode 5 720p HD x264.mp4.part'>
Got it modified
<FileModifiedEvent: src_path='/home/redpanda/Downloads/Vikings 2013 Season 3 Episode 5 720p HD x264.mp4.part'>
Got it modified
<FileModifiedEvent: src_path='/home/redpanda/Downloads/Vikings 2013 Season 3 Episode 5 720p HD x264.mp4.part'>
Got it modified
<FileModifiedEvent: src_path='/home/redpanda/Downloads/Vikings 2013 Season 3 Episode 5 720p HD x264.mp4.part'>
Got it modified
<FileModifiedEvent: src_path='/home/redpanda/Downloads/Vikings 2013 Season 3 Episode 5 720p HD x264.mp4.part'>
Got it modified
<FileModifiedEvent: src_path='/home/redpanda/Downloads/Vikings 2013 Season 3 Episode 5 720p HD x264.mp4.part'>
Got it modified
<FileModifiedEvent: src_path='/home/redpanda/Downloads/Vikings 2013 Season 3 Episode 5 720p HD x264.mp4.part'>
Got it modified
<FileModifiedEvent: src_path='/home/redpanda/Downloads/Vikings 2013 Season 3 Episode 5 720p HD x264.mp4.part'>
Got it modified
<FileModifiedEvent: src_path='/home/redpanda/Downloads/Vikings 2013 Season 3 Episode 5 720p HD x264.mp4.part'>
Got it modified
<FileModifiedEvent: src_path='/home/redpanda/Downloads/Vikings 2013 Season 3 Episode 5 720p HD x264.mp4.part'>
Got it modified
<FileModifiedEvent: src_path='/home/redpanda/Downloads/Vikings 2013 Season 3 Episode 5 720p HD x264.mp4.part'>
Got it modified
<FileModifiedEvent: src_path='/home/redpanda/Downloads/Vikings 2013 Season 3 Episode 5 720p HD x264.mp4.part'>
Got it modified
<FileModifiedEvent: src_path='/home/redpanda/Downloads/Vikings 2013 Season 3 Episode 5 720p HD x264.mp4.part'>
Got it modified
<FileModifiedEvent: src_path='/home/redpanda/Downloads/Vikings 2013 Season 3 Episode 5 720p HD x264.mp4.part'>
Got it modified
<FileModifiedEvent: src_path='/home/redpanda/Downloads/Vikings 2013 Season 3 Episode 5 720p HD x264.mp4.part'>
Got it modified
<FileModifiedEvent: src_path='/home/redpanda/Downloads/Vikings 2013 Season 3 Episode 5 720p HD x264.mp4.part'>
Got it modified
<FileModifiedEvent: src_path='/home/redpanda/Downloads/Vikings 2013 Season 3 Episode 5 720p HD x264.mp4.part'>
Got it modified
<FileModifiedEvent: src_path='/home/redpanda/Downloads/Vikings 2013 Season 3 Episode 5 720p HD x264.mp4.part'>
Got it modified
<FileModifiedEvent: src_path='/home/redpanda/Downloads/Vikings 2013 Season 3 Episode 5 720p HD x264.mp4.part'>
Got it modified
<FileModifiedEvent: src_path='/home/redpanda/Downloads/Vikings 2013 Season 3 Episode 5 720p HD x264.mp4.part'>
Got it modified
<FileModifiedEvent: src_path='/home/redpanda/Downloads/Vikings 2013 Season 3 Episode 5 720p HD x264.mp4.part'>
Got it modified
<FileModifiedEvent: src_path='/home/redpanda/Downloads/Vikings 2013 Season 3 Episode 5 720p HD x264.mp4.part'>
Got it modified
<FileModifiedEvent: src_path='/home/redpanda/Downloads/Vikings 2013 Season 3 Episode 5 720p HD x264.mp4.part'>
Got it modified
<FileModifiedEvent: src_path='/home/redpanda/Downloads/Vikings 2013 Season 3 Episode 5 720p HD x264.mp4.part'>
Got it modified
<FileModifiedEvent: src_path='/home/redpanda/Downloads/Vikings 2013 Season 3 Episode 5 720p HD x264.mp4.part'>
Got it modified
<FileModifiedEvent: src_path='/home/redpanda/Downloads/Vikings 2013 Season 3 Episode 5 720p HD x264.mp4.part'>
Got it modified
<FileModifiedEvent: src_path='/home/redpanda/Downloads/Vikings 2013 Season 3 Episode 5 720p HD x264.mp4.part'>
Got it modified
<FileModifiedEvent: src_path='/home/redpanda/Downloads/Vikings 2013 Season 3 Episode 5 720p HD x264.mp4.part'>
Got it modified
<FileModifiedEvent: src_path='/home/redpanda/Downloads/Vikings 2013 Season 3 Episode 5 720p HD x264.mp4.part'>
Got it modified
<FileModifiedEvent: src_path='/home/redpanda/Downloads/Vikings 2013 Season 3 Episode 5 720p HD x264.mp4.part'>
Got it modified
<FileModifiedEvent: src_path='/home/redpanda/Downloads/Vikings 2013 Season 3 Episode 5 720p HD x264.mp4.part'>
Got it modified
<FileModifiedEvent: src_path='/home/redpanda/Downloads/Vikings 2013 Season 3 Episode 5 720p HD x264.mp4.part'>
Got it modified
<FileModifiedEvent: src_path='/home/redpanda/Downloads/Vikings 2013 Season 3 Episode 5 720p HD x264.mp4.part'>
Got it modified
<FileModifiedEvent: src_path='/home/redpanda/Downloads/Vikings 2013 Season 3 Episode 5 720p HD x264.mp4.part'>
Got it modified
<FileModifiedEvent: src_path='/home/redpanda/Downloads/Vikings 2013 Season 3 Episode 5 720p HD x264.mp4.part'>
Got it modified
<FileModifieException in thread Thread-1:
Traceback (most recent call last):
  File "/usr/lib/python2.7/threading.py", line 810, in __bootstrap_inner
    self.run()
  File "/usr/local/lib/python2.7/dist-packages/watchdog/observers/api.py", line 199, in run
    self.dispatch_events(self.event_queue, self.timeout)
  File "/usr/local/lib/python2.7/dist-packages/watchdog/observers/api.py", line 368, in dispatch_events
    handler.dispatch(event)
  File "/usr/local/lib/python2.7/dist-packages/watchdog/events.py", line 330, in dispatch
    _method_map[event_type](event)
  File "move_file_downloaded.py", line 22, in on_created
    MoveOrExtractFile(file_name).move_file_in_respected_directory()
  File "move_file_downloaded.py", line 62, in move_file_in_respected_directory
    self.create_and_move_file(self._path + "Videos")
  File "move_file_downloaded.py", line 37, in create_and_move_file
    self.create_new_directory(directory)
  File "move_file_downloaded.py", line 34, in create_new_directory
    os.makedirs(directory)
  File "/usr/lib/python2.7/os.py", line 157, in makedirs
    mkdir(name, mode)
OSError: [Errno 17] File exists: '/home/redpanda/Downloads/Videos'

Exception in thread Thread-1:
Traceback (most recent call last):
  File "/usr/lib/python2.7/threading.py", line 810, in __bootstrap_inner
    self.run()
  File "/usr/local/lib/python2.7/dist-packages/watchdog/observers/api.py", line 199, in run
    self.dispatch_events(self.event_queue, self.timeout)
  File "/usr/local/lib/python2.7/dist-packages/watchdog/observers/api.py", line 368, in dispatch_events
    handler.dispatch(event)
  File "/usr/local/lib/python2.7/dist-packages/watchdog/events.py", line 330, in dispatch
    _method_map[event_type](event)
  File "move_file_downloaded.py", line 22, in on_created
    MoveOrExtractFile(file_name).move_file_in_respected_directory()
  File "move_file_downloaded.py", line 57, in move_file_in_respected_directory
    self.create_and_move_file(self._path + "Archives")
  File "move_file_downloaded.py", line 38, in create_and_move_file
    os.rename(self._path+self.file_name, directory+"/"+self.file_name)
OSError: [Errno 2] No such file or directory

Exception in thread Thread-1:
Traceback (most recent call last):
  File "/usr/lib/python2.7/threading.py", line 810, in __bootstrap_inner
    self.run()
  File "/usr/local/lib/python2.7/dist-packages/watchdog/observers/api.py", line 199, in run
    self.dispatch_events(self.event_queue, self.timeout)
  File "/usr/local/lib/python2.7/dist-packages/watchdog/observers/api.py", line 368, in dispatch_events
    handler.dispatch(event)
  File "/usr/local/lib/python2.7/dist-packages/watchdog/events.py", line 330, in dispatch
    _method_map[event_type](event)
  File "move_file_downloaded.py", line 22, in on_created
    MoveOrExtractFile(file_name).move_file_in_respected_directory()
  File "move_file_downloaded.py", line 57, in move_file_in_respected_directory
    self.create_and_move_file(self._path + "Archives")
  File "move_file_downloaded.py", line 38, in create_and_move_file
    os.rename(self._path+self.file_name, directory+"/"+self.file_name)
OSError: [Errno 2] No such file or directory

<ObservedWatch: path=/home/redpanda/Downloads/, is_recursive=False>
started
Got it created
Got it modified
<DirModifiedEvent: src_path='/home/redpanda/Downloads'>
Got it created
Got it modified
<DirModifiedEvent: src_path='/home/redpanda/Downloads'>
Got it modified
<DirModifiedEvent: src_path='/home/redpanda/Downloads'>
Got it modified
<FileModifiedEvent: src_path='/home/redpanda/Downloads/vikings-third-season_HI_english-1083049.zip.crdownload'>
Got it modified
<FileModifiedEvent: src_path='/home/redpanda/Downloads/vikings-third-season_HI_english-1083049.zip.crdownload'>
Got it created
---srt----
done
Got it modified
<DirModifiedEvent: src_path='/home/redpanda/Downloads'>
Got it modified
<DirModifiedEvent: src_path='/home/redpanda/Downloads'>
Got it modified
<FileModifiedEvent: src_path='/home/redpanda/Downloads/vikings-third-season_HI_english-1083049.zip'>
Got it modified
<DirModifiedEvent: src_path='/home/redpanda/Downloads'>
--joins--
None
